Started GET "/" for ::1 at 2024-12-05 19:20:02 -0600
  [1m[35m (2.1ms)[0m  [1m[35mCREATE TABLE "schema_migrations" ("version" varchar NOT NULL PRIMARY KEY) /*application='Friends'*/[0m
  [1m[35m (0.3ms)[0m  [1m[35mCREATE TABLE "ar_internal_metadata" ("key" varchar NOT NULL PRIMARY KEY, "value" varchar, "created_at" datetime(6) NOT NULL, "updated_at" datetime(6) NOT NULL) /*application='Friends'*/[0m
  [1m[36mActiveRecord::SchemaMigration Load (0.2ms)[0m  [1m[34mSELECT "schema_migrations"."version" FROM "schema_migrations" ORDER BY "schema_migrations"."version" ASC /*application='Friends'*/[0m
Processing by HomeController#index as HTML
  Rendering public/406-unsupported-browser.html
  Rendered public/406-unsupported-browser.html (Duration: 0.5ms | GC: 0.0ms)
Filter chain halted as #<Proc:0x000000012b58a6e8 /Users/chemahernandez/.asdf/installs/ruby/3.3.6/lib/ruby/gems/3.3.0/gems/actionpack-8.0.0/lib/action_controller/metal/allow_browser.rb:58 (lambda)> rendered or redirected
Completed 406 Not Acceptable in 178ms (Views: 10.6ms | ActiveRecord: 0.0ms (0 queries, 0 cached) | GC: 0.0ms)


Started GET "/favicon.ico" for ::1 at 2024-12-05 19:20:03 -0600
  
ActionController::RoutingError (No route matches [GET] "/favicon.ico"):
  
Started GET "/" for ::1 at 2024-12-05 19:20:04 -0600
Processing by HomeController#index as HTML
  Rendering public/406-unsupported-browser.html
  Rendered public/406-unsupported-browser.html (Duration: 0.2ms | GC: 0.0ms)
Filter chain halted as #<Proc:0x000000012b58a6e8 /Users/chemahernandez/.asdf/installs/ruby/3.3.6/lib/ruby/gems/3.3.0/gems/actionpack-8.0.0/lib/action_controller/metal/allow_browser.rb:58 (lambda)> rendered or redirected
Completed 406 Not Acceptable in 63ms (Views: 0.5ms | ActiveRecord: 0.0ms (0 queries, 0 cached) | GC: 0.0ms)


Started GET "/" for 127.0.0.1 at 2024-12-05 19:20:26 -0600
  [1m[36mActiveRecord::SchemaMigration Load (0.5ms)[0m  [1m[34mSELECT "schema_migrations"."version" FROM "schema_migrations" ORDER BY "schema_migrations"."version" ASC /*application='Friends'*/[0m
Processing by HomeController#index as HTML
  Rendering layout layouts/application.html.erb
  Rendering home/index.html.erb within layouts/application
  Rendered home/index.html.erb within layouts/application (Duration: 0.3ms | GC: 0.0ms)
  Rendered layout layouts/application.html.erb (Duration: 33.3ms | GC: 11.5ms)
Completed 200 OK in 185ms (Views: 38.0ms | ActiveRecord: 0.0ms (0 queries, 0 cached) | GC: 11.5ms)


Started GET "/assets/application-8b441ae0.css" for 127.0.0.1 at 2024-12-05 19:20:27 -0600
Started GET "/assets/application-bfcdf840.js" for 127.0.0.1 at 2024-12-05 19:20:27 -0600
Started GET "/assets/stimulus-loading-1fc53fe7.js" for 127.0.0.1 at 2024-12-05 19:20:27 -0600
Started GET "/assets/controllers/hello_controller-708796bd.js" for 127.0.0.1 at 2024-12-05 19:20:27 -0600
Started GET "/assets/controllers/index-ee64e1f1.js" for 127.0.0.1 at 2024-12-05 19:20:27 -0600
Started GET "/assets/stimulus.min-4b1e420e.js" for 127.0.0.1 at 2024-12-05 19:20:27 -0600
Started GET "/assets/turbo.min-fae85750.js" for 127.0.0.1 at 2024-12-05 19:20:27 -0600
Started GET "/assets/controllers/application-3affb389.js" for 127.0.0.1 at 2024-12-05 19:20:27 -0600
Started GET "/" for 127.0.0.1 at 2024-12-05 19:20:36 -0600
Processing by HomeController#index as HTML
  Rendering public/406-unsupported-browser.html
  Rendered public/406-unsupported-browser.html (Duration: 0.5ms | GC: 0.0ms)
Filter chain halted as #<Proc:0x0000000125b50628 /Users/chemahernandez/.asdf/installs/ruby/3.3.6/lib/ruby/gems/3.3.0/gems/actionpack-8.0.0/lib/action_controller/metal/allow_browser.rb:58 (lambda)> rendered or redirected
Completed 406 Not Acceptable in 66ms (Views: 1.6ms | ActiveRecord: 0.0ms (0 queries, 0 cached) | GC: 0.0ms)


Started GET "/favicon.ico" for 127.0.0.1 at 2024-12-05 19:20:36 -0600
  
ActionController::RoutingError (No route matches [GET] "/favicon.ico"):
  
Started GET "/" for 127.0.0.1 at 2024-12-05 19:20:53 -0600
Processing by HomeController#index as HTML
  Rendering layout layouts/application.html.erb
  Rendering home/index.html.erb within layouts/application
  Rendered home/index.html.erb within layouts/application (Duration: 0.1ms | GC: 0.0ms)
  Rendered layout layouts/application.html.erb (Duration: 29.0ms | GC: 1.8ms)
Completed 200 OK in 94ms (Views: 29.4ms | ActiveRecord: 0.0ms (0 queries, 0 cached) | GC: 1.8ms)


Started GET "/home/about" for 127.0.0.1 at 2024-12-05 19:21:35 -0600
Processing by HomeController#about as HTML
  Rendering layout layouts/application.html.erb
  Rendering home/about.html.erb within layouts/application
  Rendered home/about.html.erb within layouts/application (Duration: 0.5ms | GC: 0.0ms)
  Rendered layout layouts/application.html.erb (Duration: 1.4ms | GC: 0.0ms)
Completed 200 OK in 72ms (Views: 1.8ms | ActiveRecord: 0.0ms (0 queries, 0 cached) | GC: 0.0ms)


Started GET "/" for 127.0.0.1 at 2024-12-05 19:22:16 -0600
  [1m[36mActiveRecord::SchemaMigration Load (0.4ms)[0m  [1m[34mSELECT "schema_migrations"."version" FROM "schema_migrations" ORDER BY "schema_migrations"."version" ASC /*application='Friends'*/[0m
Processing by HomeController#index as HTML
  Rendering layout layouts/application.html.erb
  Rendering home/index.html.erb within layouts/application
  Rendered home/index.html.erb within layouts/application (Duration: 0.4ms | GC: 0.0ms)
  Rendered layout layouts/application.html.erb (Duration: 34.8ms | GC: 12.2ms)
Completed 200 OK in 184ms (Views: 39.2ms | ActiveRecord: 0.0ms (0 queries, 0 cached) | GC: 12.2ms)


Started GET "/" for 127.0.0.1 at 2024-12-05 19:23:10 -0600
Processing by HomeController#index as HTML
  Rendering layout layouts/application.html.erb
  Rendering home/index.html.erb within layouts/application
  Rendered home/index.html.erb within layouts/application (Duration: 0.3ms | GC: 0.0ms)
  Rendered layout layouts/application.html.erb (Duration: 2.8ms | GC: 0.0ms)
Completed 200 OK in 88ms (Views: 5.4ms | ActiveRecord: 0.0ms (0 queries, 0 cached) | GC: 0.0ms)


Started GET "/" for 127.0.0.1 at 2024-12-05 19:23:30 -0600
Processing by HomeController#index as HTML
  Rendering public/406-unsupported-browser.html
  Rendered public/406-unsupported-browser.html (Duration: 0.4ms | GC: 0.0ms)
Filter chain halted as #<Proc:0x00000001227f3b18 /Users/chemahernandez/.asdf/installs/ruby/3.3.6/lib/ruby/gems/3.3.0/gems/actionpack-8.0.0/lib/action_controller/metal/allow_browser.rb:58 (lambda)> rendered or redirected
Completed 406 Not Acceptable in 83ms (Views: 2.0ms | ActiveRecord: 0.0ms (0 queries, 0 cached) | GC: 0.0ms)


Started GET "/" for ::1 at 2024-12-05 19:35:58 -0600
  [1m[36mActiveRecord::SchemaMigration Load (0.4ms)[0m  [1m[34mSELECT "schema_migrations"."version" FROM "schema_migrations" ORDER BY "schema_migrations"."version" ASC /*application='Friends'*/[0m
Processing by HomeController#index as HTML
  Rendering layout layouts/application.html.erb
  Rendering home/index.html.erb within layouts/application
  Rendered home/index.html.erb within layouts/application (Duration: 0.3ms | GC: 0.0ms)
  Rendered layout layouts/application.html.erb (Duration: 28.7ms | GC: 11.3ms)
Completed 200 OK in 179ms (Views: 33.2ms | ActiveRecord: 0.0ms (0 queries, 0 cached) | GC: 11.3ms)


Started GET "/assets/application-8b441ae0.css" for ::1 at 2024-12-05 19:35:59 -0600
Started GET "/assets/application-bfcdf840.js" for ::1 at 2024-12-05 19:35:59 -0600
Started GET "/assets/controllers/application-3affb389.js" for ::1 at 2024-12-05 19:35:59 -0600
Started GET "/assets/controllers/hello_controller-708796bd.js" for ::1 at 2024-12-05 19:35:59 -0600
Started GET "/assets/controllers/index-ee64e1f1.js" for ::1 at 2024-12-05 19:35:59 -0600
Started GET "/assets/stimulus-loading-1fc53fe7.js" for ::1 at 2024-12-05 19:35:59 -0600
Started GET "/assets/stimulus.min-4b1e420e.js" for ::1 at 2024-12-05 19:35:59 -0600
Started GET "/assets/turbo.min-fae85750.js" for ::1 at 2024-12-05 19:35:59 -0600
Started GET "/favicon.ico" for ::1 at 2024-12-05 19:35:59 -0600
  
ActionController::RoutingError (No route matches [GET] "/favicon.ico"):
  
Started GET "/home/about" for ::1 at 2024-12-05 19:36:05 -0600
Processing by HomeController#about as HTML
  Rendering layout layouts/application.html.erb
  Rendering home/about.html.erb within layouts/application
  Rendered home/about.html.erb within layouts/application (Duration: 0.3ms | GC: 0.0ms)
  Rendered layout layouts/application.html.erb (Duration: 1.5ms | GC: 0.0ms)
Completed 200 OK in 70ms (Views: 1.8ms | ActiveRecord: 0.0ms (0 queries, 0 cached) | GC: 0.8ms)


Started GET "/home/about" for ::1 at 2024-12-05 19:49:15 -0600
  [1m[36mActiveRecord::SchemaMigration Load (0.6ms)[0m  [1m[34mSELECT "schema_migrations"."version" FROM "schema_migrations" ORDER BY "schema_migrations"."version" ASC /*application='Friends'*/[0m
Processing by HomeController#about as HTML
  Rendering layout layouts/application.html.erb
  Rendering home/about.html.erb within layouts/application
  Rendered home/about.html.erb within layouts/application (Duration: 0.5ms | GC: 0.0ms)
  Rendered layout layouts/application.html.erb (Duration: 39.8ms | GC: 13.5ms)
Completed 200 OK in 202ms (Views: 46.0ms | ActiveRecord: 0.0ms (0 queries, 0 cached) | GC: 26.7ms)


Started GET "/" for ::1 at 2024-12-05 19:49:18 -0600
Processing by HomeController#index as HTML
  Rendering layout layouts/application.html.erb
  Rendering home/index.html.erb within layouts/application
  Rendered home/index.html.erb within layouts/application (Duration: 0.9ms | GC: 0.6ms)
  Rendered layout layouts/application.html.erb (Duration: 2.5ms | GC: 1.2ms)
Completed 200 OK in 71ms (Views: 3.9ms | ActiveRecord: 0.0ms (0 queries, 0 cached) | GC: 3.3ms)


Started GET "/" for ::1 at 2024-12-05 20:08:24 -0600
  [1m[36mActiveRecord::SchemaMigration Load (0.4ms)[0m  [1m[34mSELECT "schema_migrations"."version" FROM "schema_migrations" ORDER BY "schema_migrations"."version" ASC /*application='Friends'*/[0m
Processing by HomeController#index as HTML
  Rendering layout layouts/application.html.erb
  Rendering home/index.html.erb within layouts/application
  Rendered home/index.html.erb within layouts/application (Duration: 0.4ms | GC: 0.0ms)
  Rendered home/_header.html.erb (Duration: 0.3ms | GC: 0.0ms)
  Rendered layout layouts/application.html.erb (Duration: 38.1ms | GC: 14.1ms)
Completed 200 OK in 203ms (Views: 44.6ms | ActiveRecord: 0.0ms (0 queries, 0 cached) | GC: 28.0ms)


Started GET "/" for ::1 at 2024-12-05 20:08:25 -0600
Processing by HomeController#index as HTML
  Rendering layout layouts/application.html.erb
  Rendering home/index.html.erb within layouts/application
  Rendered home/index.html.erb within layouts/application (Duration: 0.1ms | GC: 0.0ms)
  Rendered home/_header.html.erb (Duration: 0.0ms | GC: 0.0ms)
  Rendered layout layouts/application.html.erb (Duration: 2.6ms | GC: 1.3ms)
Completed 200 OK in 65ms (Views: 2.9ms | ActiveRecord: 0.0ms (0 queries, 0 cached) | GC: 2.2ms)


Started GET "/home/about" for ::1 at 2024-12-05 20:08:31 -0600
Processing by HomeController#about as HTML
  Rendering layout layouts/application.html.erb
  Rendering home/about.html.erb within layouts/application
  Rendered home/about.html.erb within layouts/application (Duration: 1.8ms | GC: 1.3ms)
  Rendered home/_header.html.erb (Duration: 0.0ms | GC: 0.0ms)
  Rendered layout layouts/application.html.erb (Duration: 3.2ms | GC: 1.3ms)
Completed 200 OK in 72ms (Views: 3.6ms | ActiveRecord: 0.0ms (0 queries, 0 cached) | GC: 1.8ms)


Started GET "/home/about" for ::1 at 2024-12-05 20:08:33 -0600
Processing by HomeController#about as HTML
  Rendering layout layouts/application.html.erb
  Rendering home/about.html.erb within layouts/application
  Rendered home/about.html.erb within layouts/application (Duration: 0.1ms | GC: 0.0ms)
  Rendered home/_header.html.erb (Duration: 0.0ms | GC: 0.0ms)
  Rendered layout layouts/application.html.erb (Duration: 1.1ms | GC: 0.0ms)
Completed 200 OK in 64ms (Views: 1.3ms | ActiveRecord: 0.0ms (0 queries, 0 cached) | GC: 0.0ms)


Started GET "/" for 127.0.0.1 at 2024-12-05 20:32:28 -0600
  [1m[36mActiveRecord::SchemaMigration Load (0.4ms)[0m  [1m[34mSELECT "schema_migrations"."version" FROM "schema_migrations" ORDER BY "schema_migrations"."version" ASC /*application='Friends'*/[0m
Processing by HomeController#index as HTML
  Rendering layout layouts/application.html.erb
  Rendering home/index.html.erb within layouts/application
  Rendered home/index.html.erb within layouts/application (Duration: 0.4ms | GC: 0.0ms)
  Rendered home/_header.html.erb (Duration: 0.3ms | GC: 0.0ms)
  Rendered layout layouts/application.html.erb (Duration: 42.9ms | GC: 17.2ms)
Completed 200 OK in 207ms (Views: 49.2ms | ActiveRecord: 0.0ms (0 queries, 0 cached) | GC: 31.8ms)


Started GET "/favicon.ico" for 127.0.0.1 at 2024-12-05 20:32:29 -0600
  
ActionController::RoutingError (No route matches [GET] "/favicon.ico"):
  
Started GET "/" for 127.0.0.1 at 2024-12-05 20:32:30 -0600
Processing by HomeController#index as HTML
  Rendering layout layouts/application.html.erb
  Rendering home/index.html.erb within layouts/application
  Rendered home/index.html.erb within layouts/application (Duration: 0.1ms | GC: 0.0ms)
  Rendered home/_header.html.erb (Duration: 0.0ms | GC: 0.0ms)
  Rendered layout layouts/application.html.erb (Duration: 1.7ms | GC: 0.5ms)
Completed 200 OK in 66ms (Views: 2.0ms | ActiveRecord: 0.0ms (0 queries, 0 cached) | GC: 0.5ms)


Started GET "/home/about" for 127.0.0.1 at 2024-12-05 20:32:34 -0600
Processing by HomeController#about as HTML
  Rendering layout layouts/application.html.erb
  Rendering home/about.html.erb within layouts/application
  Rendered home/about.html.erb within layouts/application (Duration: 0.4ms | GC: 0.0ms)
  Rendered home/_header.html.erb (Duration: 0.0ms | GC: 0.0ms)
  Rendered layout layouts/application.html.erb (Duration: 1.5ms | GC: 0.0ms)
Completed 200 OK in 66ms (Views: 1.9ms | ActiveRecord: 0.0ms (0 queries, 0 cached) | GC: 0.0ms)


Started GET "/home/about" for 127.0.0.1 at 2024-12-05 20:32:46 -0600
Processing by HomeController#about as HTML
  Rendering layout layouts/application.html.erb
  Rendering home/about.html.erb within layouts/application
  Rendered home/about.html.erb within layouts/application (Duration: 0.1ms | GC: 0.0ms)
  Rendered home/_header.html.erb (Duration: 0.0ms | GC: 0.0ms)
  Rendered layout layouts/application.html.erb (Duration: 1.9ms | GC: 0.0ms)
Completed 200 OK in 71ms (Views: 2.3ms | ActiveRecord: 0.0ms (0 queries, 0 cached) | GC: 0.0ms)


Started GET "/" for 127.0.0.1 at 2024-12-05 20:34:29 -0600
  [1m[36mActiveRecord::SchemaMigration Load (0.4ms)[0m  [1m[34mSELECT "schema_migrations"."version" FROM "schema_migrations" ORDER BY "schema_migrations"."version" ASC /*application='Friends'*/[0m
Processing by HomeController#index as HTML
  Rendering layout layouts/application.html.erb
  Rendering home/index.html.erb within layouts/application
  Rendered home/index.html.erb within layouts/application (Duration: 0.3ms | GC: 0.0ms)
  Rendered home/_header.html.erb (Duration: 1.1ms | GC: 0.9ms)
  Rendered layout layouts/application.html.erb (Duration: 31.7ms | GC: 11.7ms)
Completed 200 OK in 200ms (Views: 36.4ms | ActiveRecord: 0.0ms (0 queries, 0 cached) | GC: 25.2ms)


Started GET "/" for 127.0.0.1 at 2024-12-05 20:35:42 -0600
Processing by HomeController#index as HTML
  Rendering layout layouts/application.html.erb
  Rendering home/index.html.erb within layouts/application
  Rendered home/index.html.erb within layouts/application (Duration: 0.4ms | GC: 0.0ms)
  Rendered home/_header.html.erb (Duration: 0.4ms | GC: 0.0ms)
  Rendered layout layouts/application.html.erb (Duration: 5.5ms | GC: 0.0ms)
Completed 200 OK in 81ms (Views: 8.5ms | ActiveRecord: 0.0ms (0 queries, 0 cached) | GC: 0.7ms)


Started GET "/" for 127.0.0.1 at 2024-12-05 20:35:44 -0600
Processing by HomeController#index as HTML
  Rendering layout layouts/application.html.erb
  Rendering home/index.html.erb within layouts/application
  Rendered home/index.html.erb within layouts/application (Duration: 0.1ms | GC: 0.0ms)
  Rendered home/_header.html.erb (Duration: 0.0ms | GC: 0.0ms)
  Rendered layout layouts/application.html.erb (Duration: 1.1ms | GC: 0.0ms)
Completed 200 OK in 67ms (Views: 1.4ms | ActiveRecord: 0.0ms (0 queries, 0 cached) | GC: 0.0ms)


Started GET "/" for 127.0.0.1 at 2024-12-05 20:35:45 -0600
Processing by HomeController#index as HTML
  Rendering layout layouts/application.html.erb
  Rendering home/index.html.erb within layouts/application
  Rendered home/index.html.erb within layouts/application (Duration: 0.1ms | GC: 0.0ms)
  Rendered home/_header.html.erb (Duration: 0.0ms | GC: 0.0ms)
  Rendered layout layouts/application.html.erb (Duration: 1.1ms | GC: 0.0ms)
Completed 200 OK in 65ms (Views: 1.4ms | ActiveRecord: 0.0ms (0 queries, 0 cached) | GC: 0.0ms)


Started GET "/" for 127.0.0.1 at 2024-12-05 20:35:48 -0600
Processing by HomeController#index as HTML
  Rendering layout layouts/application.html.erb
  Rendering home/index.html.erb within layouts/application
  Rendered home/index.html.erb within layouts/application (Duration: 0.3ms | GC: 0.0ms)
  Rendered home/_header.html.erb (Duration: 0.2ms | GC: 0.0ms)
  Rendered layout layouts/application.html.erb (Duration: 3.5ms | GC: 0.0ms)
Completed 200 OK in 73ms (Views: 4.9ms | ActiveRecord: 0.0ms (0 queries, 0 cached) | GC: 0.0ms)


Started GET "/" for 127.0.0.1 at 2024-12-05 20:36:30 -0600
Processing by HomeController#index as HTML
  Rendering layout layouts/application.html.erb
  Rendering home/index.html.erb within layouts/application
  Rendered home/index.html.erb within layouts/application (Duration: 0.3ms | GC: 0.0ms)
  Rendered home/_header.html.erb (Duration: 0.3ms | GC: 0.0ms)
  Rendered layout layouts/application.html.erb (Duration: 4.5ms | GC: 0.4ms)
Completed 200 OK in 73ms (Views: 6.5ms | ActiveRecord: 0.0ms (0 queries, 0 cached) | GC: 0.6ms)


Started GET "/" for 127.0.0.1 at 2024-12-05 20:36:58 -0600
Processing by HomeController#index as HTML
  Rendering layout layouts/application.html.erb
  Rendering home/index.html.erb within layouts/application
  Rendered home/index.html.erb within layouts/application (Duration: 0.3ms | GC: 0.0ms)
  Rendered home/_header.html.erb (Duration: 0.3ms | GC: 0.0ms)
  Rendered layout layouts/application.html.erb (Duration: 3.9ms | GC: 0.3ms)
Completed 200 OK in 73ms (Views: 5.6ms | ActiveRecord: 0.0ms (0 queries, 0 cached) | GC: 0.3ms)


Started GET "/" for 127.0.0.1 at 2024-12-05 20:39:33 -0600
Processing by HomeController#index as HTML
  Rendering layout layouts/application.html.erb
  Rendering home/index.html.erb within layouts/application
  Rendered home/index.html.erb within layouts/application (Duration: 0.8ms | GC: 0.0ms)
  Rendered home/_header.html.erb (Duration: 3.1ms | GC: 0.0ms)
  Rendered layout layouts/application.html.erb (Duration: 9.4ms | GC: 0.3ms)
Completed 500 Internal Server Error in 79ms (ActiveRecord: 0.0ms (0 queries, 0 cached) | GC: 0.3ms)


  
ActionView::SyntaxErrorInTemplate (Encountered a syntax error while rendering template: check <nav class="navbar navbar-expand-lg bg-dark">

  <%= link_to 'Friend App', root_path, class:="navbar-brand" %>

  <div class="container-fluid">
    <a class="navbar-brand" href="#">Friend App</a>
    <button class="navbar-toggler" type="button" data-bs-toggle="collapse" data-bs-target="#navbarSupportedContent" aria-controls="navbarSupportedContent" aria-expanded="false" aria-label="Toggle navigation">
      <span class="navbar-toggler-icon"></span>
    </button>
    <div class="collapse navbar-collapse" id="navbarSupportedContent">
      <ul class="navbar-nav me-auto mb-2 mb-lg-0">
        <li class="nav-item">
          <a class="nav-link" href="#">Link</a>
        </li>
      </ul>
      <form class="d-flex" role="search">
        <input class="form-control me-2" type="search" placeholder="Search" aria-label="Search">
        <button class="btn btn-outline-success" type="submit">Search</button>
      </form>
    </div>
  </div>
</nav>
)
Caused by: ActiveSupport::SyntaxErrorProxy (/Users/chemahernandez/Desktop/friendsRuby/friendsOnRails/app/views/home/_header.html.erb:3: syntax error, unexpected '=', expecting ')'
...Friend App', root_path, class:="navbar-brand" ); @output_buf...
...                              ^
)

Information for: ActionView::SyntaxErrorInTemplate (Encountered a syntax error while rendering template: check <nav class="navbar navbar-expand-lg bg-dark">

  <%= link_to 'Friend App', root_path, class:="navbar-brand" %>

  <div class="container-fluid">
    <a class="navbar-brand" href="#">Friend App</a>
    <button class="navbar-toggler" type="button" data-bs-toggle="collapse" data-bs-target="#navbarSupportedContent" aria-controls="navbarSupportedContent" aria-expanded="false" aria-label="Toggle navigation">
      <span class="navbar-toggler-icon"></span>
    </button>
    <div class="collapse navbar-collapse" id="navbarSupportedContent">
      <ul class="navbar-nav me-auto mb-2 mb-lg-0">
        <li class="nav-item">
          <a class="nav-link" href="#">Link</a>
        </li>
      </ul>
      <form class="d-flex" role="search">
        <input class="form-control me-2" type="search" placeholder="Search" aria-label="Search">
        <button class="btn btn-outline-success" type="submit">Search</button>
      </form>
    </div>
  </div>
</nav>
):
1:    <nav class="navbar navbar-expand-lg bg-dark">
2:    
3:      <%= link_to 'Friend App', root_path, class:="navbar-brand" %>
4:    
5:      <div class="container-fluid">
6:        <a class="navbar-brand" href="#">Friend App</a>
7:        <button class="navbar-toggler" type="button" data-bs-toggle="collapse" data-bs-target="#navbarSupportedContent" aria-controls="navbarSupportedContent" aria-expanded="false" aria-label="Toggle navigation">
8:          <span class="navbar-toggler-icon"></span>
9:        </button>
10:        <div class="collapse navbar-collapse" id="navbarSupportedContent">
11:          <ul class="navbar-nav me-auto mb-2 mb-lg-0">
12:            <li class="nav-item">
13:              <a class="nav-link" href="#">Link</a>
14:            </li>
15:          </ul>
16:          <form class="d-flex" role="search">
17:            <input class="form-control me-2" type="search" placeholder="Search" aria-label="Search">
18:            <button class="btn btn-outline-success" type="submit">Search</button>
19:          </form>
20:        </div>
21:      </div>
22:    </nav>
  
app/views/home/_header.html.erb:3: syntax error, unexpected '=', expecting ')'
app/views/layouts/application.html.erb:26

Information for cause: ActiveSupport::SyntaxErrorProxy (/Users/chemahernandez/Desktop/friendsRuby/friendsOnRails/app/views/home/_header.html.erb:3: syntax error, unexpected '=', expecting ')'
...Friend App', root_path, class:="navbar-brand" ); @output_buf...
...                              ^
):
  
app/views/home/_header.html.erb:3: syntax error, unexpected '=', expecting ')'
app/views/layouts/application.html.erb:26
Started GET "/abut" for 127.0.0.1 at 2024-12-05 20:39:39 -0600
  
ActionController::RoutingError (No route matches [GET] "/abut"):
  
Started GET "/home/about" for 127.0.0.1 at 2024-12-05 20:39:44 -0600
Processing by HomeController#about as HTML
  Rendering layout layouts/application.html.erb
  Rendering home/about.html.erb within layouts/application
  Rendered home/about.html.erb within layouts/application (Duration: 0.4ms | GC: 0.0ms)
  Rendered home/_header.html.erb (Duration: 0.9ms | GC: 0.0ms)
  Rendered layout layouts/application.html.erb (Duration: 2.4ms | GC: 0.0ms)
Completed 500 Internal Server Error in 68ms (ActiveRecord: 0.0ms (0 queries, 0 cached) | GC: 0.0ms)


  
ActionView::SyntaxErrorInTemplate (Encountered a syntax error while rendering template: check <nav class="navbar navbar-expand-lg bg-dark">

  <%= link_to 'Friend App', root_path, class:="navbar-brand" %>

  <div class="container-fluid">
    <a class="navbar-brand" href="#">Friend App</a>
    <button class="navbar-toggler" type="button" data-bs-toggle="collapse" data-bs-target="#navbarSupportedContent" aria-controls="navbarSupportedContent" aria-expanded="false" aria-label="Toggle navigation">
      <span class="navbar-toggler-icon"></span>
    </button>
    <div class="collapse navbar-collapse" id="navbarSupportedContent">
      <ul class="navbar-nav me-auto mb-2 mb-lg-0">
        <li class="nav-item">
          <a class="nav-link" href="#">Link</a>
        </li>
      </ul>
      <form class="d-flex" role="search">
        <input class="form-control me-2" type="search" placeholder="Search" aria-label="Search">
        <button class="btn btn-outline-success" type="submit">Search</button>
      </form>
    </div>
  </div>
</nav>
)
Caused by: ActiveSupport::SyntaxErrorProxy (/Users/chemahernandez/Desktop/friendsRuby/friendsOnRails/app/views/home/_header.html.erb:3: syntax error, unexpected '=', expecting ')'
...Friend App', root_path, class:="navbar-brand" ); @output_buf...
...                              ^
)

Information for: ActionView::SyntaxErrorInTemplate (Encountered a syntax error while rendering template: check <nav class="navbar navbar-expand-lg bg-dark">

  <%= link_to 'Friend App', root_path, class:="navbar-brand" %>

  <div class="container-fluid">
    <a class="navbar-brand" href="#">Friend App</a>
    <button class="navbar-toggler" type="button" data-bs-toggle="collapse" data-bs-target="#navbarSupportedContent" aria-controls="navbarSupportedContent" aria-expanded="false" aria-label="Toggle navigation">
      <span class="navbar-toggler-icon"></span>
    </button>
    <div class="collapse navbar-collapse" id="navbarSupportedContent">
      <ul class="navbar-nav me-auto mb-2 mb-lg-0">
        <li class="nav-item">
          <a class="nav-link" href="#">Link</a>
        </li>
      </ul>
      <form class="d-flex" role="search">
        <input class="form-control me-2" type="search" placeholder="Search" aria-label="Search">
        <button class="btn btn-outline-success" type="submit">Search</button>
      </form>
    </div>
  </div>
</nav>
):
1:    <nav class="navbar navbar-expand-lg bg-dark">
2:    
3:      <%= link_to 'Friend App', root_path, class:="navbar-brand" %>
4:    
5:      <div class="container-fluid">
6:        <a class="navbar-brand" href="#">Friend App</a>
7:        <button class="navbar-toggler" type="button" data-bs-toggle="collapse" data-bs-target="#navbarSupportedContent" aria-controls="navbarSupportedContent" aria-expanded="false" aria-label="Toggle navigation">
8:          <span class="navbar-toggler-icon"></span>
9:        </button>
10:        <div class="collapse navbar-collapse" id="navbarSupportedContent">
11:          <ul class="navbar-nav me-auto mb-2 mb-lg-0">
12:            <li class="nav-item">
13:              <a class="nav-link" href="#">Link</a>
14:            </li>
15:          </ul>
16:          <form class="d-flex" role="search">
17:            <input class="form-control me-2" type="search" placeholder="Search" aria-label="Search">
18:            <button class="btn btn-outline-success" type="submit">Search</button>
19:          </form>
20:        </div>
21:      </div>
22:    </nav>
  
app/views/home/_header.html.erb:3: syntax error, unexpected '=', expecting ')'
app/views/layouts/application.html.erb:26

Information for cause: ActiveSupport::SyntaxErrorProxy (/Users/chemahernandez/Desktop/friendsRuby/friendsOnRails/app/views/home/_header.html.erb:3: syntax error, unexpected '=', expecting ')'
...Friend App', root_path, class:="navbar-brand" ); @output_buf...
...                              ^
):
  
app/views/home/_header.html.erb:3: syntax error, unexpected '=', expecting ')'
app/views/layouts/application.html.erb:26
Started GET "/home/about" for 127.0.0.1 at 2024-12-05 20:41:30 -0600
Processing by HomeController#about as HTML
  Rendering layout layouts/application.html.erb
  Rendering home/about.html.erb within layouts/application
  Rendered home/about.html.erb within layouts/application (Duration: 0.4ms | GC: 0.0ms)
  Rendered home/_header.html.erb (Duration: 0.2ms | GC: 0.0ms)
  Rendered layout layouts/application.html.erb (Duration: 6.8ms | GC: 2.8ms)
Completed 200 OK in 80ms (Views: 8.7ms | ActiveRecord: 0.0ms (0 queries, 0 cached) | GC: 2.8ms)


Started GET "/home/root_path" for 127.0.0.1 at 2024-12-05 20:41:31 -0600
  
ActionController::RoutingError (No route matches [GET] "/home/root_path"):
  
Started GET "/home/root_path" for 127.0.0.1 at 2024-12-05 20:41:32 -0600
  
ActionController::RoutingError (No route matches [GET] "/home/root_path"):
  
Started GET "/home/root_path" for 127.0.0.1 at 2024-12-05 20:41:48 -0600
  
ActionController::RoutingError (No route matches [GET] "/home/root_path"):
  
Started GET "/" for 127.0.0.1 at 2024-12-05 20:41:54 -0600
Processing by HomeController#index as HTML
  Rendering layout layouts/application.html.erb
  Rendering home/index.html.erb within layouts/application
  Rendered home/index.html.erb within layouts/application (Duration: 0.4ms | GC: 0.0ms)
  Rendered home/_header.html.erb (Duration: 0.2ms | GC: 0.0ms)
  Rendered layout layouts/application.html.erb (Duration: 4.7ms | GC: 0.0ms)
Completed 200 OK in 76ms (Views: 6.6ms | ActiveRecord: 0.0ms (0 queries, 0 cached) | GC: 0.0ms)


Started GET "/" for 127.0.0.1 at 2024-12-05 20:41:56 -0600
Processing by HomeController#index as HTML
  Rendering layout layouts/application.html.erb
  Rendering home/index.html.erb within layouts/application
  Rendered home/index.html.erb within layouts/application (Duration: 0.1ms | GC: 0.0ms)
  Rendered home/_header.html.erb (Duration: 0.0ms | GC: 0.0ms)
  Rendered layout layouts/application.html.erb (Duration: 1.0ms | GC: 0.0ms)
Completed 200 OK in 64ms (Views: 1.3ms | ActiveRecord: 0.0ms (0 queries, 0 cached) | GC: 0.0ms)


Started GET "/home/about" for 127.0.0.1 at 2024-12-05 20:41:59 -0600
Processing by HomeController#about as HTML
  Rendering layout layouts/application.html.erb
  Rendering home/about.html.erb within layouts/application
  Rendered home/about.html.erb within layouts/application (Duration: 0.3ms | GC: 0.0ms)
  Rendered home/_header.html.erb (Duration: 0.0ms | GC: 0.0ms)
  Rendered layout layouts/application.html.erb (Duration: 2.6ms | GC: 1.2ms)
Completed 200 OK in 67ms (Views: 2.9ms | ActiveRecord: 0.0ms (0 queries, 0 cached) | GC: 1.2ms)


Started GET "/" for 127.0.0.1 at 2024-12-05 20:42:00 -0600
Processing by HomeController#index as HTML
  Rendering layout layouts/application.html.erb
  Rendering home/index.html.erb within layouts/application
  Rendered home/index.html.erb within layouts/application (Duration: 0.1ms | GC: 0.0ms)
  Rendered home/_header.html.erb (Duration: 0.0ms | GC: 0.0ms)
  Rendered layout layouts/application.html.erb (Duration: 1.2ms | GC: 0.0ms)
Completed 200 OK in 67ms (Views: 1.5ms | ActiveRecord: 0.0ms (0 queries, 0 cached) | GC: 0.0ms)


Started GET "/" for 127.0.0.1 at 2024-12-05 20:56:11 -0600
Processing by HomeController#index as HTML
  Rendering layout layouts/application.html.erb
  Rendering home/index.html.erb within layouts/application
  Rendered home/index.html.erb within layouts/application (Duration: 0.9ms | GC: 0.0ms)
  Rendered home/_header.html.erb (Duration: 1.3ms | GC: 0.0ms)
  Rendered layout layouts/application.html.erb (Duration: 9.7ms | GC: 0.0ms)
Completed 200 OK in 84ms (Views: 12.9ms | ActiveRecord: 0.0ms (0 queries, 0 cached) | GC: 0.0ms)


Started GET "/home/about" for 127.0.0.1 at 2024-12-05 20:56:13 -0600
Processing by HomeController#about as HTML
  Rendering layout layouts/application.html.erb
  Rendering home/about.html.erb within layouts/application
  Rendered home/about.html.erb within layouts/application (Duration: 0.4ms | GC: 0.0ms)
  Rendered home/_header.html.erb (Duration: 0.1ms | GC: 0.0ms)
  Rendered layout layouts/application.html.erb (Duration: 1.8ms | GC: 0.0ms)
Completed 200 OK in 65ms (Views: 2.2ms | ActiveRecord: 0.0ms (0 queries, 0 cached) | GC: 0.0ms)


Started GET "/home/about" for 127.0.0.1 at 2024-12-05 20:56:28 -0600
Processing by HomeController#about as HTML
  Rendering layout layouts/application.html.erb
  Rendering home/about.html.erb within layouts/application
  Rendered home/about.html.erb within layouts/application (Duration: 1.3ms | GC: 0.9ms)
  Rendered home/_header.html.erb (Duration: 2.6ms | GC: 2.1ms)
  Rendered layout layouts/application.html.erb (Duration: 15.6ms | GC: 11.4ms)
Completed 200 OK in 80ms (Views: 17.1ms | ActiveRecord: 0.0ms (0 queries, 0 cached) | GC: 13.4ms)


Started GET "/home/about" for 127.0.0.1 at 2024-12-05 20:56:29 -0600
Processing by HomeController#about as HTML
  Rendering layout layouts/application.html.erb
  Rendering home/about.html.erb within layouts/application
  Rendered home/about.html.erb within layouts/application (Duration: 0.1ms | GC: 0.0ms)
  Rendered home/_header.html.erb (Duration: 0.1ms | GC: 0.0ms)
  Rendered layout layouts/application.html.erb (Duration: 5.4ms | GC: 3.6ms)
Completed 200 OK in 77ms (Views: 8.1ms | ActiveRecord: 0.0ms (0 queries, 0 cached) | GC: 7.3ms)


Started GET "/home/about" for 127.0.0.1 at 2024-12-05 20:56:29 -0600
Processing by HomeController#about as HTML
  Rendering layout layouts/application.html.erb
  Rendering home/about.html.erb within layouts/application
  Rendered home/about.html.erb within layouts/application (Duration: 0.1ms | GC: 0.0ms)
  Rendered home/_header.html.erb (Duration: 0.1ms | GC: 0.0ms)
  Rendered layout layouts/application.html.erb (Duration: 1.1ms | GC: 0.0ms)
Completed 200 OK in 61ms (Views: 1.3ms | ActiveRecord: 0.0ms (0 queries, 0 cached) | GC: 0.0ms)


Started GET "/home/about" for 127.0.0.1 at 2024-12-05 20:56:30 -0600
Processing by HomeController#about as HTML
  Rendering layout layouts/application.html.erb
  Rendering home/about.html.erb within layouts/application
  Rendered home/about.html.erb within layouts/application (Duration: 0.1ms | GC: 0.0ms)
  Rendered home/_header.html.erb (Duration: 0.1ms | GC: 0.0ms)
  Rendered layout layouts/application.html.erb (Duration: 1.8ms | GC: 0.6ms)
Completed 200 OK in 70ms (Views: 2.0ms | ActiveRecord: 0.0ms (0 queries, 0 cached) | GC: 0.6ms)


Started GET "/home/about" for 127.0.0.1 at 2024-12-05 20:56:31 -0600
Processing by HomeController#about as HTML
  Rendering layout layouts/application.html.erb
  Rendering home/about.html.erb within layouts/application
  Rendered home/about.html.erb within layouts/application (Duration: 0.1ms | GC: 0.0ms)
  Rendered home/_header.html.erb (Duration: 0.1ms | GC: 0.0ms)
  Rendered layout layouts/application.html.erb (Duration: 1.1ms | GC: 0.0ms)
Completed 200 OK in 64ms (Views: 1.4ms | ActiveRecord: 0.0ms (0 queries, 0 cached) | GC: 0.0ms)


Started GET "/home/about" for 127.0.0.1 at 2024-12-05 20:56:31 -0600
Processing by HomeController#about as HTML
  Rendering layout layouts/application.html.erb
  Rendering home/about.html.erb within layouts/application
  Rendered home/about.html.erb within layouts/application (Duration: 0.1ms | GC: 0.0ms)
  Rendered home/_header.html.erb (Duration: 0.1ms | GC: 0.0ms)
  Rendered layout layouts/application.html.erb (Duration: 1.1ms | GC: 0.0ms)
Completed 200 OK in 64ms (Views: 1.4ms | ActiveRecord: 0.0ms (0 queries, 0 cached) | GC: 0.5ms)


Started GET "/" for 127.0.0.1 at 2024-12-05 20:56:32 -0600
Processing by HomeController#index as HTML
  Rendering layout layouts/application.html.erb
  Rendering home/index.html.erb within layouts/application
  Rendered home/index.html.erb within layouts/application (Duration: 0.8ms | GC: 0.0ms)
  Rendered home/_header.html.erb (Duration: 0.1ms | GC: 0.0ms)
  Rendered layout layouts/application.html.erb (Duration: 2.5ms | GC: 0.5ms)
Completed 200 OK in 70ms (Views: 2.9ms | ActiveRecord: 0.0ms (0 queries, 0 cached) | GC: 0.5ms)


Started GET "/home/about" for 127.0.0.1 at 2024-12-05 20:56:33 -0600
Processing by HomeController#about as HTML
  Rendering layout layouts/application.html.erb
  Rendering home/about.html.erb within layouts/application
  Rendered home/about.html.erb within layouts/application (Duration: 0.1ms | GC: 0.0ms)
  Rendered home/_header.html.erb (Duration: 0.1ms | GC: 0.0ms)
  Rendered layout layouts/application.html.erb (Duration: 1.1ms | GC: 0.0ms)
Completed 200 OK in 66ms (Views: 1.4ms | ActiveRecord: 0.0ms (0 queries, 0 cached) | GC: 0.0ms)


Started GET "/" for 127.0.0.1 at 2024-12-05 20:56:34 -0600
Processing by HomeController#index as HTML
  Rendering layout layouts/application.html.erb
  Rendering home/index.html.erb within layouts/application
  Rendered home/index.html.erb within layouts/application (Duration: 0.1ms | GC: 0.0ms)
  Rendered home/_header.html.erb (Duration: 0.1ms | GC: 0.0ms)
  Rendered layout layouts/application.html.erb (Duration: 1.5ms | GC: 0.2ms)
Completed 200 OK in 72ms (Views: 1.9ms | ActiveRecord: 0.0ms (0 queries, 0 cached) | GC: 0.5ms)


Started GET "/home/about" for 127.0.0.1 at 2024-12-05 20:56:34 -0600
Processing by HomeController#about as HTML
  Rendering layout layouts/application.html.erb
  Rendering home/about.html.erb within layouts/application
  Rendered home/about.html.erb within layouts/application (Duration: 0.1ms | GC: 0.0ms)
  Rendered home/_header.html.erb (Duration: 0.1ms | GC: 0.0ms)
  Rendered layout layouts/application.html.erb (Duration: 20.3ms | GC: 0.0ms)
Completed 200 OK in 86ms (Views: 20.6ms | ActiveRecord: 0.0ms (0 queries, 0 cached) | GC: 0.0ms)


Started GET "/home/about" for 127.0.0.1 at 2024-12-06 11:19:28 -0600
  [1m[36mActiveRecord::SchemaMigration Load (0.4ms)[0m  [1m[34mSELECT "schema_migrations"."version" FROM "schema_migrations" ORDER BY "schema_migrations"."version" ASC /*application='Friends'*/[0m
Processing by HomeController#about as HTML
  Rendering layout layouts/application.html.erb
  Rendering home/about.html.erb within layouts/application
  Rendered home/about.html.erb within layouts/application (Duration: 0.5ms | GC: 0.0ms)
  Rendered home/_header.html.erb (Duration: 0.5ms | GC: 0.0ms)
  Rendered layout layouts/application.html.erb (Duration: 34.4ms | GC: 12.6ms)
Completed 200 OK in 177ms (Views: 39.0ms | ActiveRecord: 0.0ms (0 queries, 0 cached) | GC: 12.6ms)


Started GET "/" for 127.0.0.1 at 2024-12-06 11:19:30 -0600
Processing by HomeController#index as HTML
  Rendering layout layouts/application.html.erb
  Rendering home/index.html.erb within layouts/application
  Rendered home/index.html.erb within layouts/application (Duration: 0.3ms | GC: 0.0ms)
  Rendered home/_header.html.erb (Duration: 0.1ms | GC: 0.0ms)
  Rendered layout layouts/application.html.erb (Duration: 1.6ms | GC: 0.0ms)
Completed 200 OK in 65ms (Views: 1.9ms | ActiveRecord: 0.0ms (0 queries, 0 cached) | GC: 0.0ms)


Started GET "/home/about" for 127.0.0.1 at 2024-12-06 11:19:31 -0600
Processing by HomeController#about as HTML
  Rendering layout layouts/application.html.erb
  Rendering home/about.html.erb within layouts/application
  Rendered home/about.html.erb within layouts/application (Duration: 0.1ms | GC: 0.0ms)
  Rendered home/_header.html.erb (Duration: 0.1ms | GC: 0.0ms)
  Rendered layout layouts/application.html.erb (Duration: 1.5ms | GC: 0.0ms)
Completed 200 OK in 69ms (Views: 2.5ms | ActiveRecord: 0.0ms (0 queries, 0 cached) | GC: 0.6ms)


Started GET "/" for 127.0.0.1 at 2024-12-06 11:19:32 -0600
Processing by HomeController#index as HTML
  Rendering layout layouts/application.html.erb
  Rendering home/index.html.erb within layouts/application
  Rendered home/index.html.erb within layouts/application (Duration: 0.1ms | GC: 0.0ms)
  Rendered home/_header.html.erb (Duration: 0.1ms | GC: 0.0ms)
  Rendered layout layouts/application.html.erb (Duration: 1.4ms | GC: 0.0ms)
Completed 200 OK in 69ms (Views: 1.7ms | ActiveRecord: 0.0ms (0 queries, 0 cached) | GC: 0.0ms)


Started GET "/home/about" for 127.0.0.1 at 2024-12-06 11:19:32 -0600
Processing by HomeController#about as HTML
  Rendering layout layouts/application.html.erb
  Rendering home/about.html.erb within layouts/application
  Rendered home/about.html.erb within layouts/application (Duration: 0.1ms | GC: 0.0ms)
  Rendered home/_header.html.erb (Duration: 0.1ms | GC: 0.0ms)
  Rendered layout layouts/application.html.erb (Duration: 1.3ms | GC: 0.0ms)
Completed 200 OK in 68ms (Views: 1.6ms | ActiveRecord: 0.0ms (0 queries, 0 cached) | GC: 0.0ms)


Started GET "/" for 127.0.0.1 at 2024-12-06 11:19:36 -0600
Processing by HomeController#index as HTML
  Rendering layout layouts/application.html.erb
  Rendering home/index.html.erb within layouts/application
  Rendered home/index.html.erb within layouts/application (Duration: 0.1ms | GC: 0.0ms)
  Rendered home/_header.html.erb (Duration: 0.1ms | GC: 0.0ms)
  Rendered layout layouts/application.html.erb (Duration: 1.4ms | GC: 0.0ms)
Completed 200 OK in 68ms (Views: 1.7ms | ActiveRecord: 0.0ms (0 queries, 0 cached) | GC: 0.0ms)


Started GET "/" for 127.0.0.1 at 2024-12-06 11:19:38 -0600
Processing by HomeController#index as HTML
  Rendering layout layouts/application.html.erb
  Rendering home/index.html.erb within layouts/application
  Rendered home/index.html.erb within layouts/application (Duration: 0.1ms | GC: 0.0ms)
  Rendered home/_header.html.erb (Duration: 0.1ms | GC: 0.0ms)
  Rendered layout layouts/application.html.erb (Duration: 1.3ms | GC: 0.0ms)
Completed 200 OK in 74ms (Views: 1.6ms | ActiveRecord: 0.0ms (0 queries, 0 cached) | GC: 0.0ms)


Started GET "/" for 127.0.0.1 at 2024-12-06 11:19:41 -0600
Processing by HomeController#index as HTML
  Rendering layout layouts/application.html.erb
  Rendering home/index.html.erb within layouts/application
  Rendered home/index.html.erb within layouts/application (Duration: 0.1ms | GC: 0.0ms)
  Rendered home/_header.html.erb (Duration: 0.1ms | GC: 0.0ms)
  Rendered layout layouts/application.html.erb (Duration: 1.4ms | GC: 0.0ms)
Completed 200 OK in 70ms (Views: 1.7ms | ActiveRecord: 0.0ms (0 queries, 0 cached) | GC: 0.0ms)


Started GET "/home/about" for 127.0.0.1 at 2024-12-06 11:19:42 -0600
Processing by HomeController#about as HTML
  Rendering layout layouts/application.html.erb
  Rendering home/about.html.erb within layouts/application
  Rendered home/about.html.erb within layouts/application (Duration: 0.1ms | GC: 0.0ms)
  Rendered home/_header.html.erb (Duration: 0.1ms | GC: 0.0ms)
  Rendered layout layouts/application.html.erb (Duration: 1.7ms | GC: 0.5ms)
Completed 200 OK in 66ms (Views: 2.0ms | ActiveRecord: 0.0ms (0 queries, 0 cached) | GC: 0.5ms)


  [1m[36mActiveRecord::InternalMetadata Load (0.4ms)[0m  [1m[34mSELECT * FROM "ar_internal_metadata" WHERE "ar_internal_metadata"."key" = 'environment' ORDER BY "ar_internal_metadata"."key" ASC LIMIT 1 /*application='Friends'*/[0m
  [1m[36mActiveRecord::InternalMetadata Create (0.4ms)[0m  [1m[32mINSERT INTO "ar_internal_metadata" ("key", "value", "created_at", "updated_at") VALUES ('environment', 'development', '2024-12-07 02:35:34.187500', '2024-12-07 02:35:34.187503') RETURNING "key" /*application='Friends'*/[0m
  [1m[36mActiveRecord::SchemaMigration Load (0.1ms)[0m  [1m[34mSELECT "schema_migrations"."version" FROM "schema_migrations" ORDER BY "schema_migrations"."version" ASC /*application='Friends'*/[0m
Migrating to CreateFriends (20241207023143)
  [1m[36mTRANSACTION (0.1ms)[0m  [1m[35mBEGIN immediate TRANSACTION /*application='Friends'*/[0m
  [1m[35m (1.3ms)[0m  [1m[35mCREATE TABLE "friends" ("id" integer PRIMARY KEY AUTOINCREMENT NOT NULL, "first_name" varchar, "last_name" varchar, "email" varchar, "phone" varchar, "twitter" varchar, "created_at" datetime(6) NOT NULL, "updated_at" datetime(6) NOT NULL) /*application='Friends'*/[0m
  [1m[36mActiveRecord::SchemaMigration Create (0.3ms)[0m  [1m[32mINSERT INTO "schema_migrations" ("version") VALUES ('20241207023143') RETURNING "version" /*application='Friends'*/[0m
  [1m[36mTRANSACTION (0.1ms)[0m  [1m[35mCOMMIT TRANSACTION /*application='Friends'*/[0m
  [1m[36mActiveRecord::SchemaMigration Load (0.1ms)[0m  [1m[34mSELECT "schema_migrations"."version" FROM "schema_migrations" ORDER BY "schema_migrations"."version" ASC /*application='Friends'*/[0m
Started GET "/home/about" for ::1 at 2024-12-06 20:37:42 -0600
  [1m[36mActiveRecord::SchemaMigration Load (0.4ms)[0m  [1m[34mSELECT "schema_migrations"."version" FROM "schema_migrations" ORDER BY "schema_migrations"."version" ASC /*application='Friends'*/[0m
Processing by HomeController#about as HTML
  Rendering layout layouts/application.html.erb
  Rendering home/about.html.erb within layouts/application
  Rendered home/about.html.erb within layouts/application (Duration: 0.3ms | GC: 0.0ms)
  Rendered home/_header.html.erb (Duration: 0.7ms | GC: 0.0ms)
  Rendered layout layouts/application.html.erb (Duration: 46.4ms | GC: 13.2ms)
Completed 200 OK in 209ms (Views: 50.8ms | ActiveRecord: 0.0ms (0 queries, 0 cached) | GC: 13.6ms)


Started GET "/" for ::1 at 2024-12-06 20:37:46 -0600
Processing by HomeController#index as HTML
  Rendering layout layouts/application.html.erb
  Rendering home/index.html.erb within layouts/application
  Rendered home/index.html.erb within layouts/application (Duration: 0.3ms | GC: 0.0ms)
  Rendered home/_header.html.erb (Duration: 0.1ms | GC: 0.0ms)
  Rendered layout layouts/application.html.erb (Duration: 1.7ms | GC: 0.0ms)
Completed 200 OK in 68ms (Views: 2.8ms | ActiveRecord: 0.0ms (0 queries, 0 cached) | GC: 0.8ms)


Started GET "/home/about" for ::1 at 2024-12-06 20:37:47 -0600
Processing by HomeController#about as HTML
  Rendering layout layouts/application.html.erb
  Rendering home/about.html.erb within layouts/application
  Rendered home/about.html.erb within layouts/application (Duration: 0.1ms | GC: 0.0ms)
  Rendered home/_header.html.erb (Duration: 0.1ms | GC: 0.0ms)
  Rendered layout layouts/application.html.erb (Duration: 1.1ms | GC: 0.0ms)
Completed 200 OK in 65ms (Views: 1.4ms | ActiveRecord: 0.0ms (0 queries, 0 cached) | GC: 0.0ms)


Started GET "/" for ::1 at 2024-12-06 20:37:47 -0600
Processing by HomeController#index as HTML
  Rendering layout layouts/application.html.erb
  Rendering home/index.html.erb within layouts/application
  Rendered home/index.html.erb within layouts/application (Duration: 0.1ms | GC: 0.0ms)
  Rendered home/_header.html.erb (Duration: 0.1ms | GC: 0.0ms)
  Rendered layout layouts/application.html.erb (Duration: 1.1ms | GC: 0.0ms)
Completed 200 OK in 64ms (Views: 1.3ms | ActiveRecord: 0.0ms (0 queries, 0 cached) | GC: 0.0ms)


Started GET "/home/about" for ::1 at 2024-12-06 20:37:48 -0600
Processing by HomeController#about as HTML
  Rendering layout layouts/application.html.erb
  Rendering home/about.html.erb within layouts/application
  Rendered home/about.html.erb within layouts/application (Duration: 0.1ms | GC: 0.0ms)
  Rendered home/_header.html.erb (Duration: 0.1ms | GC: 0.0ms)
  Rendered layout layouts/application.html.erb (Duration: 1.1ms | GC: 0.0ms)
Completed 200 OK in 68ms (Views: 1.4ms | ActiveRecord: 0.0ms (0 queries, 0 cached) | GC: 0.0ms)


Started GET "/home/about" for ::1 at 2024-12-06 20:39:45 -0600
Processing by HomeController#about as HTML
  Rendering layout layouts/application.html.erb
  Rendering home/about.html.erb within layouts/application
  Rendered home/about.html.erb within layouts/application (Duration: 0.1ms | GC: 0.0ms)
  Rendered home/_header.html.erb (Duration: 0.1ms | GC: 0.0ms)
  Rendered layout layouts/application.html.erb (Duration: 1.1ms | GC: 0.0ms)
Completed 200 OK in 75ms (Views: 1.4ms | ActiveRecord: 0.0ms (0 queries, 0 cached) | GC: 0.0ms)


Started GET "/home/about" for ::1 at 2024-12-06 20:39:48 -0600
Processing by HomeController#about as HTML
  Rendering layout layouts/application.html.erb
  Rendering home/about.html.erb within layouts/application
  Rendered home/about.html.erb within layouts/application (Duration: 0.1ms | GC: 0.0ms)
  Rendered home/_header.html.erb (Duration: 0.1ms | GC: 0.0ms)
  Rendered layout layouts/application.html.erb (Duration: 1.3ms | GC: 0.0ms)
Completed 200 OK in 63ms (Views: 1.6ms | ActiveRecord: 0.0ms (0 queries, 0 cached) | GC: 0.0ms)


Started GET "/" for ::1 at 2024-12-06 20:39:49 -0600
Processing by HomeController#index as HTML
  Rendering layout layouts/application.html.erb
  Rendering home/index.html.erb within layouts/application
  Rendered home/index.html.erb within layouts/application (Duration: 0.1ms | GC: 0.0ms)
  Rendered home/_header.html.erb (Duration: 0.1ms | GC: 0.0ms)
  Rendered layout layouts/application.html.erb (Duration: 1.5ms | GC: 0.4ms)
Completed 200 OK in 66ms (Views: 1.8ms | ActiveRecord: 0.0ms (0 queries, 0 cached) | GC: 0.4ms)


Started GET "/home/about" for ::1 at 2024-12-06 20:39:50 -0600
Processing by HomeController#about as HTML
  Rendering layout layouts/application.html.erb
  Rendering home/about.html.erb within layouts/application
  Rendered home/about.html.erb within layouts/application (Duration: 0.1ms | GC: 0.0ms)
  Rendered home/_header.html.erb (Duration: 0.1ms | GC: 0.0ms)
  Rendered layout layouts/application.html.erb (Duration: 1.1ms | GC: 0.0ms)
Completed 200 OK in 65ms (Views: 1.4ms | ActiveRecord: 0.0ms (0 queries, 0 cached) | GC: 0.0ms)


Started GET "/" for ::1 at 2024-12-06 20:39:51 -0600
Processing by HomeController#index as HTML
  Rendering layout layouts/application.html.erb
  Rendering home/index.html.erb within layouts/application
  Rendered home/index.html.erb within layouts/application (Duration: 0.1ms | GC: 0.0ms)
  Rendered home/_header.html.erb (Duration: 0.1ms | GC: 0.0ms)
  Rendered layout layouts/application.html.erb (Duration: 1.4ms | GC: 0.3ms)
Completed 200 OK in 69ms (Views: 1.6ms | ActiveRecord: 0.0ms (0 queries, 0 cached) | GC: 0.3ms)


Started GET "/friends" for ::1 at 2024-12-06 20:39:56 -0600
Processing by FriendsController#index as HTML
  Rendering layout layouts/application.html.erb
  Rendering friends/index.html.erb within layouts/application
  [1m[36mFriend Load (2.2ms)[0m  [1m[34mSELECT "friends".* FROM "friends" /*action='index',application='Friends',controller='friends'*/[0m
  ↳ app/views/friends/index.html.erb:8
  Rendered friends/index.html.erb within layouts/application (Duration: 4.0ms | GC: 0.0ms)
  Rendered home/_header.html.erb (Duration: 0.1ms | GC: 0.0ms)
  Rendered layout layouts/application.html.erb (Duration: 4.9ms | GC: 0.0ms)
Completed 200 OK in 104ms (Views: 3.6ms | ActiveRecord: 2.3ms (1 query, 0 cached) | GC: 0.0ms)


Started GET "/friends/new" for ::1 at 2024-12-06 20:39:57 -0600
Processing by FriendsController#new as HTML
  Rendering layout layouts/application.html.erb
  Rendering friends/new.html.erb within layouts/application
  Rendered friends/_form.html.erb (Duration: 8.0ms | GC: 0.0ms)
  Rendered friends/new.html.erb within layouts/application (Duration: 9.1ms | GC: 0.0ms)
  Rendered home/_header.html.erb (Duration: 0.1ms | GC: 0.0ms)
  Rendered layout layouts/application.html.erb (Duration: 10.1ms | GC: 0.2ms)
Completed 200 OK in 97ms (Views: 10.4ms | ActiveRecord: 1.9ms (0 queries, 0 cached) | GC: 9.0ms)


Started GET "/friends" for ::1 at 2024-12-06 20:40:02 -0600
Processing by FriendsController#index as HTML
  Rendering layout layouts/application.html.erb
  Rendering friends/index.html.erb within layouts/application
  [1m[36mFriend Load (0.1ms)[0m  [1m[34mSELECT "friends".* FROM "friends" /*action='index',application='Friends',controller='friends'*/[0m
  ↳ app/views/friends/index.html.erb:8
  Rendered friends/index.html.erb within layouts/application (Duration: 1.2ms | GC: 0.0ms)
  Rendered home/_header.html.erb (Duration: 0.1ms | GC: 0.0ms)
  Rendered layout layouts/application.html.erb (Duration: 2.0ms | GC: 0.0ms)
Completed 200 OK in 65ms (Views: 2.2ms | ActiveRecord: 0.1ms (1 query, 0 cached) | GC: 0.0ms)


Started GET "/friends/new" for ::1 at 2024-12-06 20:40:04 -0600
Processing by FriendsController#new as HTML
  Rendering layout layouts/application.html.erb
  Rendering friends/new.html.erb within layouts/application
  Rendered friends/_form.html.erb (Duration: 1.9ms | GC: 0.4ms)
  Rendered friends/new.html.erb within layouts/application (Duration: 2.1ms | GC: 0.4ms)
  Rendered home/_header.html.erb (Duration: 0.1ms | GC: 0.0ms)
  Rendered layout layouts/application.html.erb (Duration: 2.8ms | GC: 0.4ms)
Completed 200 OK in 68ms (Views: 3.0ms | ActiveRecord: 0.0ms (0 queries, 0 cached) | GC: 0.7ms)


Started POST "/friends" for ::1 at 2024-12-06 20:40:31 -0600
Processing by FriendsController#create as TURBO_STREAM
  Parameters: {"authenticity_token"=>"[FILTERED]", "friend"=>{"first_name"=>"José María", "last_name"=>"Herández ", "email"=>"[FILTERED]", "phone"=>"554837383", "twitter"=>"@jm2000"}, "commit"=>"Create Friend"}
  [1m[36mTRANSACTION (0.6ms)[0m  [1m[35mBEGIN immediate TRANSACTION /*action='create',application='Friends',controller='friends'*/[0m
  ↳ app/controllers/friends_controller.rb:27:in `block in create'
  [1m[36mFriend Create (3.9ms)[0m  [1m[32mINSERT INTO "friends" ("first_name", "last_name", "email", "phone", "twitter", "created_at", "updated_at") VALUES ('José María', 'Herández ', 'jm2000ho@gmail.com', '554837383', '@jm2000', '2024-12-07 02:40:31.351163', '2024-12-07 02:40:31.351163') RETURNING "id" /*action='create',application='Friends',controller='friends'*/[0m
  ↳ app/controllers/friends_controller.rb:27:in `block in create'
  [1m[36mTRANSACTION (1.3ms)[0m  [1m[35mCOMMIT TRANSACTION /*action='create',application='Friends',controller='friends'*/[0m
  ↳ app/controllers/friends_controller.rb:27:in `block in create'
Redirected to http://[::1]:3000/friends/1
Completed 302 Found in 85ms (ActiveRecord: 5.8ms (1 query, 0 cached) | GC: 0.0ms)


Started GET "/friends/1" for ::1 at 2024-12-06 20:40:31 -0600
Processing by FriendsController#show as TURBO_STREAM
  Parameters: {"id"=>"1"}
  [1m[36mFriend Load (0.1ms)[0m  [1m[34mSELECT "friends".* FROM "friends" WHERE "friends"."id" = 1 LIMIT 1 /*action='show',application='Friends',controller='friends'*/[0m
  ↳ app/controllers/friends_controller.rb:63:in `set_friend'
  Rendering layout layouts/application.html.erb
  Rendering friends/show.html.erb within layouts/application
  Rendered friends/_friend.html.erb (Duration: 0.4ms | GC: 0.0ms)
  Rendered friends/show.html.erb within layouts/application (Duration: 5.7ms | GC: 0.0ms)
  Rendered home/_header.html.erb (Duration: 0.1ms | GC: 0.0ms)
  Rendered layout layouts/application.html.erb (Duration: 6.5ms | GC: 0.0ms)
Completed 200 OK in 76ms (Views: 6.8ms | ActiveRecord: 0.1ms (1 query, 0 cached) | GC: 6.5ms)


Started GET "/friends" for ::1 at 2024-12-06 20:40:33 -0600
Processing by FriendsController#index as HTML
  Rendering layout layouts/application.html.erb
  Rendering friends/index.html.erb within layouts/application
  [1m[36mFriend Load (0.1ms)[0m  [1m[34mSELECT "friends".* FROM "friends" /*action='index',application='Friends',controller='friends'*/[0m
  ↳ app/views/friends/index.html.erb:8
  Rendered friends/_friend.html.erb (Duration: 0.1ms | GC: 0.0ms)
  Rendered friends/index.html.erb within layouts/application (Duration: 1.6ms | GC: 0.0ms)
  Rendered home/_header.html.erb (Duration: 0.1ms | GC: 0.0ms)
  Rendered layout layouts/application.html.erb (Duration: 2.3ms | GC: 0.0ms)
Completed 200 OK in 67ms (Views: 2.5ms | ActiveRecord: 0.1ms (1 query, 0 cached) | GC: 0.6ms)


Started GET "/friends/1" for ::1 at 2024-12-06 20:40:35 -0600
Processing by FriendsController#show as HTML
  Parameters: {"id"=>"1"}
  [1m[36mFriend Load (0.1ms)[0m  [1m[34mSELECT "friends".* FROM "friends" WHERE "friends"."id" = 1 LIMIT 1 /*action='show',application='Friends',controller='friends'*/[0m
  ↳ app/controllers/friends_controller.rb:63:in `set_friend'
  Rendering layout layouts/application.html.erb
  Rendering friends/show.html.erb within layouts/application
  Rendered friends/_friend.html.erb (Duration: 0.1ms | GC: 0.0ms)
  Rendered friends/show.html.erb within layouts/application (Duration: 0.8ms | GC: 0.0ms)
  Rendered home/_header.html.erb (Duration: 0.1ms | GC: 0.0ms)
  Rendered layout layouts/application.html.erb (Duration: 1.5ms | GC: 0.0ms)
Completed 200 OK in 66ms (Views: 1.8ms | ActiveRecord: 0.1ms (1 query, 0 cached) | GC: 0.0ms)


Started GET "/friends/new" for ::1 at 2024-12-06 20:40:36 -0600
Processing by FriendsController#new as HTML
  Rendering layout layouts/application.html.erb
  Rendering friends/new.html.erb within layouts/application
  Rendered friends/_form.html.erb (Duration: 1.7ms | GC: 0.2ms)
  Rendered friends/new.html.erb within layouts/application (Duration: 2.0ms | GC: 0.2ms)
  Rendered home/_header.html.erb (Duration: 0.1ms | GC: 0.0ms)
  Rendered layout layouts/application.html.erb (Duration: 2.7ms | GC: 0.2ms)
Completed 200 OK in 65ms (Views: 2.9ms | ActiveRecord: 0.0ms (0 queries, 0 cached) | GC: 0.7ms)


Started GET "/friends/1" for ::1 at 2024-12-06 20:40:36 -0600
Processing by FriendsController#show as HTML
  Parameters: {"id"=>"1"}
  [1m[36mFriend Load (0.1ms)[0m  [1m[34mSELECT "friends".* FROM "friends" WHERE "friends"."id" = 1 LIMIT 1 /*action='show',application='Friends',controller='friends'*/[0m
  ↳ app/controllers/friends_controller.rb:63:in `set_friend'
  Rendering layout layouts/application.html.erb
  Rendering friends/show.html.erb within layouts/application
  Rendered friends/_friend.html.erb (Duration: 0.1ms | GC: 0.0ms)
  Rendered friends/show.html.erb within layouts/application (Duration: 0.8ms | GC: 0.0ms)
  Rendered home/_header.html.erb (Duration: 0.1ms | GC: 0.0ms)
  Rendered layout layouts/application.html.erb (Duration: 1.5ms | GC: 0.0ms)
Completed 200 OK in 64ms (Views: 1.7ms | ActiveRecord: 0.1ms (1 query, 0 cached) | GC: 0.0ms)


Started GET "/" for ::1 at 2024-12-06 20:40:38 -0600
Processing by HomeController#index as HTML
  Rendering layout layouts/application.html.erb
  Rendering home/index.html.erb within layouts/application
  Rendered home/index.html.erb within layouts/application (Duration: 0.1ms | GC: 0.0ms)
  Rendered home/_header.html.erb (Duration: 0.1ms | GC: 0.0ms)
  Rendered layout layouts/application.html.erb (Duration: 1.1ms | GC: 0.0ms)
Completed 200 OK in 66ms (Views: 1.3ms | ActiveRecord: 0.0ms (0 queries, 0 cached) | GC: 0.0ms)


Started GET "/friends" for ::1 at 2024-12-06 20:40:43 -0600
Processing by FriendsController#index as HTML
  Rendering layout layouts/application.html.erb
  Rendering friends/index.html.erb within layouts/application
  [1m[36mFriend Load (0.1ms)[0m  [1m[34mSELECT "friends".* FROM "friends" /*action='index',application='Friends',controller='friends'*/[0m
  ↳ app/views/friends/index.html.erb:8
  Rendered friends/_friend.html.erb (Duration: 0.1ms | GC: 0.0ms)
  Rendered friends/index.html.erb within layouts/application (Duration: 2.0ms | GC: 0.0ms)
  Rendered home/_header.html.erb (Duration: 0.1ms | GC: 0.0ms)
  Rendered layout layouts/application.html.erb (Duration: 3.1ms | GC: 0.0ms)
Completed 200 OK in 74ms (Views: 3.3ms | ActiveRecord: 0.1ms (1 query, 0 cached) | GC: 4.8ms)


Started GET "/friends" for ::1 at 2024-12-06 20:40:48 -0600
Processing by FriendsController#index as HTML
  Rendering layout layouts/application.html.erb
  Rendering friends/index.html.erb within layouts/application
  [1m[36mFriend Load (0.1ms)[0m  [1m[34mSELECT "friends".* FROM "friends" /*action='index',application='Friends',controller='friends'*/[0m
  ↳ app/views/friends/index.html.erb:8
  Rendered friends/_friend.html.erb (Duration: 0.1ms | GC: 0.0ms)
  Rendered friends/index.html.erb within layouts/application (Duration: 1.9ms | GC: 0.0ms)
  Rendered home/_header.html.erb (Duration: 0.1ms | GC: 0.0ms)
  Rendered layout layouts/application.html.erb (Duration: 3.2ms | GC: 0.4ms)
Completed 200 OK in 67ms (Views: 3.4ms | ActiveRecord: 0.1ms (1 query, 0 cached) | GC: 0.4ms)


Started GET "/friends/new" for ::1 at 2024-12-06 20:40:56 -0600
Processing by FriendsController#new as HTML
  Rendering layout layouts/application.html.erb
  Rendering friends/new.html.erb within layouts/application
  Rendered friends/_form.html.erb (Duration: 1.7ms | GC: 0.2ms)
  Rendered friends/new.html.erb within layouts/application (Duration: 2.0ms | GC: 0.2ms)
  Rendered home/_header.html.erb (Duration: 0.1ms | GC: 0.0ms)
  Rendered layout layouts/application.html.erb (Duration: 2.7ms | GC: 0.2ms)
Completed 200 OK in 66ms (Views: 3.0ms | ActiveRecord: 0.0ms (0 queries, 0 cached) | GC: 0.2ms)


Started POST "/friends" for ::1 at 2024-12-06 20:41:16 -0600
Processing by FriendsController#create as TURBO_STREAM
  Parameters: {"authenticity_token"=>"[FILTERED]", "friend"=>{"first_name"=>"Patricia", "last_name"=>"Cruz", "email"=>"[FILTERED]", "phone"=>"73773792342", "twitter"=>"@paty"}, "commit"=>"Create Friend"}
  [1m[36mTRANSACTION (0.1ms)[0m  [1m[35mBEGIN immediate TRANSACTION /*action='create',application='Friends',controller='friends'*/[0m
  ↳ app/controllers/friends_controller.rb:27:in `block in create'
  [1m[36mFriend Create (3.2ms)[0m  [1m[32mINSERT INTO "friends" ("first_name", "last_name", "email", "phone", "twitter", "created_at", "updated_at") VALUES ('Patricia', 'Cruz', 'paty@gmail.com', '73773792342', '@paty', '2024-12-07 02:41:16.431334', '2024-12-07 02:41:16.431334') RETURNING "id" /*action='create',application='Friends',controller='friends'*/[0m
  ↳ app/controllers/friends_controller.rb:27:in `block in create'
  [1m[36mTRANSACTION (0.4ms)[0m  [1m[35mCOMMIT TRANSACTION /*action='create',application='Friends',controller='friends'*/[0m
  ↳ app/controllers/friends_controller.rb:27:in `block in create'
Redirected to http://[::1]:3000/friends/2
Completed 302 Found in 67ms (ActiveRecord: 3.6ms (1 query, 0 cached) | GC: 0.2ms)


Started GET "/friends/2" for ::1 at 2024-12-06 20:41:16 -0600
Processing by FriendsController#show as TURBO_STREAM
  Parameters: {"id"=>"2"}
  [1m[36mFriend Load (0.1ms)[0m  [1m[34mSELECT "friends".* FROM "friends" WHERE "friends"."id" = 2 LIMIT 1 /*action='show',application='Friends',controller='friends'*/[0m
  ↳ app/controllers/friends_controller.rb:63:in `set_friend'
  Rendering layout layouts/application.html.erb
  Rendering friends/show.html.erb within layouts/application
  Rendered friends/_friend.html.erb (Duration: 0.1ms | GC: 0.0ms)
  Rendered friends/show.html.erb within layouts/application (Duration: 0.9ms | GC: 0.0ms)
  Rendered home/_header.html.erb (Duration: 0.1ms | GC: 0.0ms)
  Rendered layout layouts/application.html.erb (Duration: 1.9ms | GC: 0.0ms)
Completed 200 OK in 61ms (Views: 2.2ms | ActiveRecord: 0.1ms (1 query, 0 cached) | GC: 0.0ms)


Started GET "/friends" for ::1 at 2024-12-06 20:41:18 -0600
Processing by FriendsController#index as HTML
  Rendering layout layouts/application.html.erb
  Rendering friends/index.html.erb within layouts/application
  [1m[36mFriend Load (0.1ms)[0m  [1m[34mSELECT "friends".* FROM "friends" /*action='index',application='Friends',controller='friends'*/[0m
  ↳ app/views/friends/index.html.erb:8
  Rendered friends/_friend.html.erb (Duration: 0.1ms | GC: 0.0ms)
  Rendered friends/_friend.html.erb (Duration: 0.1ms | GC: 0.0ms)
  Rendered friends/index.html.erb within layouts/application (Duration: 1.8ms | GC: 0.0ms)
  Rendered home/_header.html.erb (Duration: 0.1ms | GC: 0.0ms)
  Rendered layout layouts/application.html.erb (Duration: 2.6ms | GC: 0.0ms)
Completed 200 OK in 67ms (Views: 2.7ms | ActiveRecord: 0.1ms (1 query, 0 cached) | GC: 0.0ms)


Started GET "/friends" for ::1 at 2024-12-06 20:46:43 -0600
  [1m[36mActiveRecord::SchemaMigration Load (0.3ms)[0m  [1m[34mSELECT "schema_migrations"."version" FROM "schema_migrations" ORDER BY "schema_migrations"."version" ASC /*application='Friends'*/[0m
Processing by FriendsController#index as HTML
  Rendering layout layouts/application.html.erb
  Rendering friends/index.html.erb within layouts/application
  [1m[36mFriend Load (1.0ms)[0m  [1m[34mSELECT "friends".* FROM "friends" /*action='index',application='Friends',controller='friends'*/[0m
  ↳ app/views/friends/index.html.erb:8
  Rendered friends/_friend.html.erb (Duration: 0.4ms | GC: 0.0ms)
  Rendered friends/_friend.html.erb (Duration: 0.1ms | GC: 0.0ms)
  Rendered friends/index.html.erb within layouts/application (Duration: 26.1ms | GC: 3.3ms)
  Rendered home/_header.html.erb (Duration: 0.5ms | GC: 0.0ms)
  Rendered layout layouts/application.html.erb (Duration: 70.1ms | GC: 30.2ms)
Completed 200 OK in 236ms (Views: 74.5ms | ActiveRecord: 1.6ms (1 query, 0 cached) | GC: 33.0ms)


Started GET "/" for ::1 at 2024-12-06 20:46:45 -0600
Processing by HomeController#index as HTML
  Rendering layout layouts/application.html.erb
  Rendering home/index.html.erb within layouts/application
  Rendered home/index.html.erb within layouts/application (Duration: 0.5ms | GC: 0.0ms)
  Rendered home/_header.html.erb (Duration: 0.3ms | GC: 0.0ms)
  Rendered layout layouts/application.html.erb (Duration: 2.4ms | GC: 0.0ms)
Completed 200 OK in 68ms (Views: 3.7ms | ActiveRecord: 0.0ms (0 queries, 0 cached) | GC: 0.2ms)


Started GET "/home/about" for ::1 at 2024-12-06 20:46:46 -0600
Processing by HomeController#about as HTML
  Rendering layout layouts/application.html.erb
  Rendering home/about.html.erb within layouts/application
  Rendered home/about.html.erb within layouts/application (Duration: 0.4ms | GC: 0.0ms)
  Rendered home/_header.html.erb (Duration: 0.2ms | GC: 0.0ms)
  Rendered layout layouts/application.html.erb (Duration: 2.0ms | GC: 0.0ms)
Completed 200 OK in 69ms (Views: 2.3ms | ActiveRecord: 0.0ms (0 queries, 0 cached) | GC: 0.0ms)


Started GET "/friends" for ::1 at 2024-12-06 20:46:47 -0600
Processing by FriendsController#index as HTML
  Rendering layout layouts/application.html.erb
  Rendering friends/index.html.erb within layouts/application
  [1m[36mFriend Load (0.2ms)[0m  [1m[34mSELECT "friends".* FROM "friends" /*action='index',application='Friends',controller='friends'*/[0m
  ↳ app/views/friends/index.html.erb:8
  Rendered friends/_friend.html.erb (Duration: 0.1ms | GC: 0.0ms)
  Rendered friends/_friend.html.erb (Duration: 0.1ms | GC: 0.0ms)
  Rendered friends/index.html.erb within layouts/application (Duration: 2.5ms | GC: 0.3ms)
  Rendered home/_header.html.erb (Duration: 0.1ms | GC: 0.0ms)
  Rendered layout layouts/application.html.erb (Duration: 3.2ms | GC: 0.3ms)
Completed 200 OK in 68ms (Views: 3.3ms | ActiveRecord: 0.2ms (1 query, 0 cached) | GC: 0.3ms)


Started GET "/home/about" for ::1 at 2024-12-06 20:46:48 -0600
Processing by HomeController#about as HTML
  Rendering layout layouts/application.html.erb
  Rendering home/about.html.erb within layouts/application
  Rendered home/about.html.erb within layouts/application (Duration: 0.1ms | GC: 0.0ms)
  Rendered home/_header.html.erb (Duration: 0.1ms | GC: 0.0ms)
  Rendered layout layouts/application.html.erb (Duration: 1.1ms | GC: 0.0ms)
Completed 200 OK in 66ms (Views: 1.5ms | ActiveRecord: 0.0ms (0 queries, 0 cached) | GC: 0.0ms)


Started GET "/" for ::1 at 2024-12-06 20:46:49 -0600
Processing by HomeController#index as HTML
  Rendering layout layouts/application.html.erb
  Rendering home/index.html.erb within layouts/application
  Rendered home/index.html.erb within layouts/application (Duration: 0.1ms | GC: 0.0ms)
  Rendered home/_header.html.erb (Duration: 0.1ms | GC: 0.0ms)
  Rendered layout layouts/application.html.erb (Duration: 1.2ms | GC: 0.0ms)
Completed 200 OK in 65ms (Views: 1.4ms | ActiveRecord: 0.0ms (0 queries, 0 cached) | GC: 0.0ms)


Started GET "/home/about" for ::1 at 2024-12-06 20:46:50 -0600
Processing by HomeController#about as HTML
  Rendering layout layouts/application.html.erb
  Rendering home/about.html.erb within layouts/application
  Rendered home/about.html.erb within layouts/application (Duration: 0.1ms | GC: 0.0ms)
  Rendered home/_header.html.erb (Duration: 0.1ms | GC: 0.0ms)
  Rendered layout layouts/application.html.erb (Duration: 1.2ms | GC: 0.0ms)
Completed 200 OK in 65ms (Views: 1.5ms | ActiveRecord: 0.0ms (0 queries, 0 cached) | GC: 0.0ms)


Started GET "/friends" for ::1 at 2024-12-06 20:46:50 -0600
Processing by FriendsController#index as HTML
  Rendering layout layouts/application.html.erb
  Rendering friends/index.html.erb within layouts/application
  [1m[36mFriend Load (0.1ms)[0m  [1m[34mSELECT "friends".* FROM "friends" /*action='index',application='Friends',controller='friends'*/[0m
  ↳ app/views/friends/index.html.erb:8
  Rendered friends/_friend.html.erb (Duration: 0.1ms | GC: 0.0ms)
  Rendered friends/_friend.html.erb (Duration: 0.1ms | GC: 0.0ms)
  Rendered friends/index.html.erb within layouts/application (Duration: 2.2ms | GC: 0.0ms)
  Rendered home/_header.html.erb (Duration: 0.1ms | GC: 0.0ms)
  Rendered layout layouts/application.html.erb (Duration: 3.0ms | GC: 0.0ms)
Completed 200 OK in 65ms (Views: 3.2ms | ActiveRecord: 0.1ms (1 query, 0 cached) | GC: 0.0ms)


Started GET "/home/about" for ::1 at 2024-12-06 20:46:51 -0600
Processing by HomeController#about as HTML
  Rendering layout layouts/application.html.erb
  Rendering home/about.html.erb within layouts/application
  Rendered home/about.html.erb within layouts/application (Duration: 0.1ms | GC: 0.0ms)
  Rendered home/_header.html.erb (Duration: 0.1ms | GC: 0.0ms)
  Rendered layout layouts/application.html.erb (Duration: 1.1ms | GC: 0.0ms)
Completed 200 OK in 70ms (Views: 1.4ms | ActiveRecord: 0.0ms (0 queries, 0 cached) | GC: 0.0ms)


Started GET "/" for ::1 at 2024-12-06 20:46:52 -0600
Processing by HomeController#index as HTML
  Rendering layout layouts/application.html.erb
  Rendering home/index.html.erb within layouts/application
  Rendered home/index.html.erb within layouts/application (Duration: 0.1ms | GC: 0.0ms)
  Rendered home/_header.html.erb (Duration: 0.1ms | GC: 0.0ms)
  Rendered layout layouts/application.html.erb (Duration: 1.3ms | GC: 0.0ms)
Completed 200 OK in 65ms (Views: 1.6ms | ActiveRecord: 0.0ms (0 queries, 0 cached) | GC: 0.0ms)


Started GET "/friends" for ::1 at 2024-12-06 20:46:52 -0600
Processing by FriendsController#index as HTML
  Rendering layout layouts/application.html.erb
  Rendering friends/index.html.erb within layouts/application
  [1m[36mFriend Load (0.1ms)[0m  [1m[34mSELECT "friends".* FROM "friends" /*action='index',application='Friends',controller='friends'*/[0m
  ↳ app/views/friends/index.html.erb:8
  Rendered friends/_friend.html.erb (Duration: 0.1ms | GC: 0.0ms)
  Rendered friends/_friend.html.erb (Duration: 0.0ms | GC: 0.0ms)
  Rendered friends/index.html.erb within layouts/application (Duration: 1.8ms | GC: 0.0ms)
  Rendered home/_header.html.erb (Duration: 0.1ms | GC: 0.0ms)
  Rendered layout layouts/application.html.erb (Duration: 2.7ms | GC: 0.0ms)
Completed 200 OK in 73ms (Views: 3.0ms | ActiveRecord: 0.1ms (1 query, 0 cached) | GC: 0.0ms)


Started GET "/home/about" for ::1 at 2024-12-06 20:46:53 -0600
Processing by HomeController#about as HTML
  Rendering layout layouts/application.html.erb
  Rendering home/about.html.erb within layouts/application
  Rendered home/about.html.erb within layouts/application (Duration: 0.5ms | GC: 0.0ms)
  Rendered home/_header.html.erb (Duration: 0.3ms | GC: 0.0ms)
  Rendered layout layouts/application.html.erb (Duration: 2.5ms | GC: 0.0ms)
Completed 200 OK in 70ms (Views: 3.0ms | ActiveRecord: 0.0ms (0 queries, 0 cached) | GC: 0.0ms)


Started GET "/friends" for ::1 at 2024-12-06 20:46:54 -0600
Processing by FriendsController#index as HTML
  Rendering layout layouts/application.html.erb
  Rendering friends/index.html.erb within layouts/application
  [1m[36mFriend Load (0.1ms)[0m  [1m[34mSELECT "friends".* FROM "friends" /*action='index',application='Friends',controller='friends'*/[0m
  ↳ app/views/friends/index.html.erb:8
  Rendered friends/_friend.html.erb (Duration: 0.1ms | GC: 0.0ms)
  Rendered friends/_friend.html.erb (Duration: 0.0ms | GC: 0.0ms)
  Rendered friends/index.html.erb within layouts/application (Duration: 2.1ms | GC: 0.0ms)
  Rendered home/_header.html.erb (Duration: 0.1ms | GC: 0.0ms)
  Rendered layout layouts/application.html.erb (Duration: 2.9ms | GC: 0.0ms)
Completed 200 OK in 68ms (Views: 3.0ms | ActiveRecord: 0.1ms (1 query, 0 cached) | GC: 0.0ms)


